postgresql://postgres:datagaze@localhost/datagaze
2025-01-31
{'cloud': 2,
 'cloud_color': '#FFF9C4',
 'country': 'Afghanistan',
 'lat': 34.517,
 'lon': 69.183,
 'name': 'Kabul',
 'temp_c': 0.4,
 'temp_color': '#D1F2D3',
 'wind_color': '#E0F7FA',
 'wind_kph': 8.3}
{'cloud': 25,
 'cloud_color': '#FFF176',
 'country': 'Albania',
 'lat': 41.328,
 'lon': 19.819,
 'name': 'Tirana',
 'temp_c': 17.4,
 'temp_color': '#FFFACD',
 'wind_color': '#E0F7FA',
 'wind_kph': 9.0}
{'cloud': 75,
 'cloud_color': '#9E9E9E',
 'country': 'Algeria',
 'lat': 36.763,
 'lon': 3.051,
 'name': 'Algiers',
 'temp_c': 13.1,
 'temp_color': '#FFFACD',
 'wind_color': '#E0F7FA',
 'wind_kph': 7.9}
{'cloud': 71,
 'cloud_color': '#9E9E9E',
 'country': 'Andorra',
 'lat': 42.5,
 'lon': 1.517,
 'name': 'Andorra La Vella',
 'temp_c': 0.3,
 'temp_color': '#D1F2D3',
 'wind_color': '#E0F7FA',
 'wind_kph': 9.7}
{'cloud': 17,
 'cloud_color': '#FFF176',
 'country': 'Angola',
 'lat': -8.838,
 'lon': 13.234,
 'name': 'Luanda',
 'temp_c': 27.6,
 'temp_color': '#FFCC80',
 'wind_color': '#E0F7FA',
 'wind_kph': 4.0}
{'cloud': 25,
 'cloud_color': '#FFF176',
 'country': 'Antigua and Barbuda',
 'lat': 17.117,
 'lon': -61.85,
 'name': 'Saint John',
 'temp_c': 25.0,
 'temp_color': '#FFCC80',
 'wind_color': '#4DD0E1',
 'wind_kph': 35.3}
{'cloud': 0,
 'cloud_color': '#FFF9C4',
 'country': 'Argentina',
 'lat': -34.588,
 'lon': -58.673,
 'name': 'Buenos Aires',
 'temp_c': 23.0,
 'temp_color': '#FFCC80',
 'wind_color': '#B2EBF2',
 'wind_kph': 13.3}
{'cloud': 0,
 'cloud_color': '#FFF9C4',
 'country': 'Armenia',
 'lat': 40.181,
 'lon': 44.514,
 'name': 'Yerevan',
 'temp_c': 7.2,
 'temp_color': '#D1F2D3',
 'wind_color': '#E0F7FA',
 'wind_kph': 4.3}
{'cloud': 100,
 'cloud_color': '#616161',
 'country': 'Australia',
 'lat': -35.283,
 'lon': 149.217,
 'name': 'Canberra',
 'temp_c': 19.3,
 'temp_color': '#FFFACD',
 'wind_color': '#B2EBF2',
 'wind_kph': 11.2}
{'cloud': 75,
 'cloud_color': '#9E9E9E',
 'country': 'Austria',
 'lat': 48.2,
 'lon': 16.367,
 'name': 'Vienna',
 'temp_c': 9.0,
 'temp_color': '#D1F2D3',
 'wind_color': '#B2EBF2',
 'wind_kph': 18.4}
{'cloud': 25,
 'cloud_color': '#FFF176',
 'country': 'Azerbaijan',
 'lat': 40.395,
 'lon': 49.882,
 'name': 'Baku',
 'temp_c': 12.0,
 'temp_color': '#FFFACD',
 'wind_color': '#4DD0E1',
 'wind_kph': 24.1}
{'cloud': 25,
 'cloud_color': '#FFF176',
 'country': 'Bahamas',
 'lat': 25.083,
 'lon': -77.35,
 'name': 'Nassau',
 'temp_c': 21.3,
 'temp_color': '#FFCC80',
 'wind_color': '#4DD0E1',
 'wind_kph': 28.1}
{'cloud': 0,
 'cloud_color': '#FFF9C4',
 'country': 'Bahrain',
 'lat': 26.236,
 'lon': 50.583,
 'name': 'Manama',
 'temp_c': 20.4,
 'temp_color': '#FFCC80',
 'wind_color': '#4DD0E1',
 'wind_kph': 29.9}
{'cloud': 13,
 'cloud_color': '#FFF176',
 'country': 'Bangladesh',
 'lat': 23.723,
 'lon': 90.409,
 'name': 'Dhaka',
 'temp_c': 28.8,
 'temp_color': '#FFCC80',
 'wind_color': '#B2EBF2',
 'wind_kph': 11.9}
{'cloud': 75,
 'cloud_color': '#9E9E9E',
 'country': 'Barbados',
 'lat': 13.1,
 'lon': -59.617,
 'name': 'Bridgetown',
 'temp_c': 24.3,
 'temp_color': '#FFCC80',
 'wind_color': '#4DD0E1',
 'wind_kph': 27.4}
{'cloud': 60,
 'cloud_color': '#E0E0E0',
 'country': 'Belarus',
 'lat': 53.9,
 'lon': 27.567,
 'name': 'Minsk',
 'temp_c': 1.0,
 'temp_color': '#D1F2D3',
 'wind_color': '#B2EBF2',
 'wind_kph': 15.8}
{'cloud': 25,
 'cloud_color': '#FFF176',
 'country': 'Belgium',
 'lat': 50.833,
 'lon': 4.333,
 'name': 'Brussels',
 'temp_c': 5.0,
 'temp_color': '#D1F2D3',
 'wind_color': '#B2EBF2',
 'wind_kph': 15.5}
{'cloud': 75,
 'cloud_color': '#9E9E9E',
 'country': 'Belize',
 'lat': 17.25,
 'lon': -88.767,
 'name': 'Belmopan',
 'temp_c': 26.4,
 'temp_color': '#FFCC80',
 'wind_color': '#E0F7FA',
 'wind_kph': 4.0}
{'cloud': 5,
 'cloud_color': '#FFF9C4',
 'country': 'Benin',
 'lat': 6.483,
 'lon': 2.617,
 'name': 'Porto-Novo',
 'temp_c': 33.0,
 'temp_color': '#FF7043',
 'wind_color': '#E0F7FA',
 'wind_kph': 7.6}
{'cloud': 16,
 'cloud_color': '#FFF176',
 'country': 'Bhutan',
 'lat': 27.483,
 'lon': 89.6,
 'name': 'Thimphu',
 'temp_c': 3.5,
 'temp_color': '#D1F2D3',
 'wind_color': '#E0F7FA',
 'wind_kph': 7.9}
{'cloud': 75,
 'cloud_color': '#9E9E9E',
 'country': 'Bolivia',
 'lat': -16.5,
 'lon': -68.15,
 'name': 'La Paz',
 'temp_c': 6.1,
 'temp_color': '#D1F2D3',
 'wind_color': '#E0F7FA',
 'wind_kph': 6.5}
{'cloud': 0,
 'cloud_color': '#FFF9C4',
 'country': 'Bosnia and Herzegovina',
 'lat': 43.85,
 'lon': 18.383,
 'name': 'Sarajevo',
 'temp_c': 10.4,
 'temp_color': '#FFFACD',
 'wind_color': '#E0F7FA',
 'wind_kph': 5.8}
{'cloud': 6,
 'cloud_color': '#FFF9C4',
 'country': 'Botswana',
 'lat': -24.646,
 'lon': 25.912,
 'name': 'Gaborone',
 'temp_c': 36.0,
 'temp_color': '#FF7043',
 'wind_color': '#E0F7FA',
 'wind_kph': 9.7}
{'cloud': 75,
 'cloud_color': '#9E9E9E',
 'country': 'Brazil',
 'lat': -15.783,
 'lon': -47.917,
 'name': 'Brasilia',
 'temp_c': 21.3,
 'temp_color': '#FFCC80',
 'wind_color': '#B2EBF2',
 'wind_kph': 10.1}
{'cloud': 75,
 'cloud_color': '#9E9E9E',
 'country': 'Brunei Darussalam',
 'lat': 4.8833,
 'lon': 114.9333,
 'name': 'Brunei',
 'temp_c': 28.1,
 'temp_color': '#FFCC80',
 'wind_color': '#E0F7FA',
 'wind_kph': 3.6}
{'cloud': 100,
 'cloud_color': '#616161',
 'country': 'Bulgaria',
 'lat': 42.683,
 'lon': 23.317,
 'name': 'Sofia',
 'temp_c': 4.2,
 'temp_color': '#D1F2D3',
 'wind_color': '#E0F7FA',
 'wind_kph': 6.5}
{'cloud': 5,
 'cloud_color': '#FFF9C4',
 'country': 'Burkina Faso',
 'lat': 12.37,
 'lon': -1.525,
 'name': 'Ouagadougou',
 'temp_c': 31.8,
 'temp_color': '#FF7043',
 'wind_color': '#B2EBF2',
 'wind_kph': 19.1}
{'cloud': 79,
 'cloud_color': '#9E9E9E',
 'country': 'Burundi',
 'lat': -3.376,
 'lon': 29.36,
 'name': 'Bujumbura',
 'temp_c': 26.6,
 'temp_color': '#FFCC80',
 'wind_color': '#E0F7FA',
 'wind_kph': 6.8}
{'cloud': 0,
 'cloud_color': '#FFF9C4',
 'country': 'Peru',
 'lat': -4.8261,
 'lon': -80.68,
 'name': 'Cabo Verde',
 'temp_c': 23.4,
 'temp_color': '#FFCC80',
 'wind_color': '#E0F7FA',
 'wind_kph': 9.4}
{'cloud': 25,
 'cloud_color': '#FFF176',
 'country': 'Cambodia',
 'lat': 11.55,
 'lon': 104.917,
 'name': 'Phnum Penh',
 'temp_c': 30.3,
 'temp_color': '#FF7043',
 'wind_color': '#E0F7FA',
 'wind_kph': 6.1}
{'cloud': 75,
 'cloud_color': '#9E9E9E',
 'country': 'Cameroon',
 'lat': 3.867,
 'lon': 11.517,
 'name': 'Yaounde',
 'temp_c': 27.1,
 'temp_color': '#FFCC80',
 'wind_color': '#E0F7FA',
 'wind_kph': 6.1}
{'cloud': 100,
 'cloud_color': '#616161',
 'country': 'Canada',
 'lat': 45.417,
 'lon': -75.7,
 'name': 'Ottawa',
 'temp_c': -11.6,
 'temp_color': '#B3DFFD',
 'wind_color': '#E0F7FA',
 'wind_kph': 3.6}
{'cloud': 0,
 'cloud_color': '#FFF9C4',
 'country': 'Central African Republic',
 'lat': 4.367,
 'lon': 18.583,
 'name': 'Bangui',
 'temp_c': 34.0,
 'temp_color': '#FF7043',
 'wind_color': '#B2EBF2',
 'wind_kph': 11.9}
{'cloud': 0,
 'cloud_color': '#FFF9C4',
 'country': 'Chad',
 'lat': 12.113,
 'lon': 15.049,
 'name': "N'djamena",
 'temp_c': 30.1,
 'temp_color': '#FF7043',
 'wind_color': '#B2EBF2',
 'wind_kph': 17.3}
{'cloud': 0,
 'cloud_color': '#FFF9C4',
 'country': 'Chile',
 'lat': -33.45,
 'lon': -70.667,
 'name': 'Santiago',
 'temp_c': 14.1,
 'temp_color': '#FFFACD',
 'wind_color': '#E0F7FA',
 'wind_kph': 3.6}
{'cloud': 0,
 'cloud_color': '#FFF9C4',
 'country': 'China',
 'lat': 39.929,
 'lon': 116.388,
 'name': 'Beijing',
 'temp_c': -3.6,
 'temp_color': '#E6F7FF',
 'wind_color': '#E0F7FA',
 'wind_kph': 5.0}
{'cloud': 75,
 'cloud_color': '#9E9E9E',
 'country': 'Colombia',
 'lat': 4.6,
 'lon': -74.083,
 'name': 'Bogota',
 'temp_c': 13.4,
 'temp_color': '#FFFACD',
 'wind_color': '#E0F7FA',
 'wind_kph': 6.5}
{'cloud': 78,
 'cloud_color': '#9E9E9E',
 'country': 'Comoros',
 'lat': -11.704,
 'lon': 43.24,
 'name': 'Moroni',
 'temp_c': 28.2,
 'temp_color': '#FFCC80',
 'wind_color': '#4DD0E1',
 'wind_kph': 22.7}
{'cloud': 25,
 'cloud_color': '#FFF176',
 'country': 'Congo',
 'lat': -4.259,
 'lon': 15.285,
 'name': 'Brazzaville',
 'temp_c': 29.2,
 'temp_color': '#FFCC80',
 'wind_color': '#E0F7FA',
 'wind_kph': 7.9}
{'cloud': 0,
 'cloud_color': '#FFF9C4',
 'country': 'Costa Rica',
 'lat': 9.933,
 'lon': -84.083,
 'name': 'San Jose',
 'temp_c': 21.2,
 'temp_color': '#FFCC80',
 'wind_color': '#E0F7FA',
 'wind_kph': 9.0}
{'cloud': 0,
 'cloud_color': '#FFF9C4',
 'country': 'Croatia',
 'lat': 45.8,
 'lon': 16.0,
 'name': 'Zagreb',
 'temp_c': 11.2,
 'temp_color': '#FFFACD',
 'wind_color': '#E0F7FA',
 'wind_kph': 5.0}
{'cloud': 0,
 'cloud_color': '#FFF9C4',
 'country': 'Cuba',
 'lat': 23.132,
 'lon': -82.364,
 'name': 'Havana',
 'temp_c': 18.2,
 'temp_color': '#FFFACD',
 'wind_color': '#4DD0E1',
 'wind_kph': 20.9}
{'cloud': 75,
 'cloud_color': '#9E9E9E',
 'country': 'Cyprus',
 'lat': 35.167,
 'lon': 33.367,
 'name': 'Nicosia',
 'temp_c': 18.3,
 'temp_color': '#FFFACD',
 'wind_color': '#4DD0E1',
 'wind_kph': 24.5}
{'cloud': 75,
 'cloud_color': '#9E9E9E',
 'country': 'Czech Republic',
 'lat': 50.083,
 'lon': 14.467,
 'name': 'Prague',
 'temp_c': 4.2,
 'temp_color': '#D1F2D3',
 'wind_color': '#B2EBF2',
 'wind_kph': 17.6}
{'cloud': 75,
 'cloud_color': '#9E9E9E',
 'country': 'Denmark',
 'lat': 55.667,
 'lon': 12.583,
 'name': 'Copenhagen',
 'temp_c': 3.2,
 'temp_color': '#D1F2D3',
 'wind_color': '#B2EBF2',
 'wind_kph': 13.7}
{'cloud': 4,
 'cloud_color': '#FFF9C4',
 'country': 'Djibouti',
 'lat': 11.595,
 'lon': 43.148,
 'name': 'Djibouti',
 'temp_c': 26.0,
 'temp_color': '#FFCC80',
 'wind_color': '#B2EBF2',
 'wind_kph': 16.2}
{'cloud': 25,
 'cloud_color': '#FFF176',
 'country': 'Dominica',
 'lat': 15.3,
 'lon': -61.4,
 'name': 'Roseau',
 'temp_c': 25.3,
 'temp_color': '#FFCC80',
 'wind_color': '#4DD0E1',
 'wind_kph': 25.9}
{'cloud': 25,
 'cloud_color': '#FFF176',
 'country': 'Dominican Republic',
 'lat': 18.467,
 'lon': -69.9,
 'name': 'Santo Domingo',
 'temp_c': 22.4,
 'temp_color': '#FFCC80',
 'wind_color': '#B2EBF2',
 'wind_kph': 13.7}
{'cloud': 22,
 'cloud_color': '#FFF176',
 'country': 'Ecuador',
 'lat': -0.217,
 'lon': -78.5,
 'name': 'Quito',
 'temp_c': 9.3,
 'temp_color': '#D1F2D3',
 'wind_color': '#E0F7FA',
 'wind_kph': 4.7}
{'cloud': 0,
 'cloud_color': '#FFF9C4',
 'country': 'Egypt',
 'lat': 30.05,
 'lon': 31.25,
 'name': 'Cairo',
 'temp_c': 19.3,
 'temp_color': '#FFFACD',
 'wind_color': '#B2EBF2',
 'wind_kph': 12.6}
{'cloud': 0,
 'cloud_color': '#FFF9C4',
 'country': 'El Salvador',
 'lat': 13.709,
 'lon': -89.203,
 'name': 'San Salvador',
 'temp_c': 22.1,
 'temp_color': '#FFCC80',
 'wind_color': '#E0F7FA',
 'wind_kph': 3.6}
{'cloud': 6,
 'cloud_color': '#FFF9C4',
 'country': 'Equatorial Guinea',
 'lat': 3.75,
 'lon': 8.783,
 'name': 'Malabo',
 'temp_c': 28.4,
 'temp_color': '#FFCC80',
 'wind_color': '#E0F7FA',
 'wind_kph': 6.5}
{'cloud': 77,
 'cloud_color': '#9E9E9E',
 'country': 'Eritrea',
 'lat': 15.333,
 'lon': 38.933,
 'name': 'Asmara',
 'temp_c': 18.7,
 'temp_color': '#FFFACD',
 'wind_color': '#E0F7FA',
 'wind_kph': 5.8}
{'cloud': 100,
 'cloud_color': '#616161',
 'country': 'Estonia',
 'lat': 59.434,
 'lon': 24.728,
 'name': 'Tallinn',
 'temp_c': 4.1,
 'temp_color': '#D1F2D3',
 'wind_color': '#B2EBF2',
 'wind_kph': 11.2}
400
{'error': {'code': 1006, 'message': 'No matching location found.'}}
{'cloud': 25,
 'cloud_color': '#FFF176',
 'country': 'Ethiopia',
 'lat': 9.033,
 'lon': 38.7,
 'name': 'Addis Abeba',
 'temp_c': 21.3,
 'temp_color': '#FFCC80',
 'wind_color': '#B2EBF2',
 'wind_kph': 16.9}
{'cloud': 65,
 'cloud_color': '#9E9E9E',
 'country': 'Fiji Islands',
 'lat': -12.5,
 'lon': 177.05,
 'name': 'Ahau',
 'temp_c': 28.4,
 'temp_color': '#FFCC80',
 'wind_color': '#4DD0E1',
 'wind_kph': 20.5}
{'cloud': 75,
 'cloud_color': '#9E9E9E',
 'country': 'Finland',
 'lat': 60.176,
 'lon': 24.934,
 'name': 'Helsinki',
 'temp_c': 3.3,
 'temp_color': '#D1F2D3',
 'wind_color': '#E0F7FA',
 'wind_kph': 7.2}
{'cloud': 0,
 'cloud_color': '#FFF9C4',
 'country': 'France',
 'lat': 48.867,
 'lon': 2.333,
 'name': 'Paris',
 'temp_c': 7.3,
 'temp_color': '#D1F2D3',
 'wind_color': '#B2EBF2',
 'wind_kph': 10.8}
{'cloud': 25,
 'cloud_color': '#FFF176',
 'country': 'Gabon',
 'lat': 0.383,
 'lon': 9.45,
 'name': 'Libreville',
 'temp_c': 30.4,
 'temp_color': '#FF7043',
 'wind_color': '#B2EBF2',
 'wind_kph': 11.5}
{'cloud': 0,
 'cloud_color': '#FFF9C4',
 'country': 'Gambia',
 'lat': 13.453,
 'lon': -16.578,
 'name': 'Banjul',
 'temp_c': 29.2,
 'temp_color': '#FFCC80',
 'wind_color': '#4DD0E1',
 'wind_kph': 30.6}
{'cloud': 0,
 'cloud_color': '#FFF9C4',
 'country': 'Georgia',
 'lat': 41.725,
 'lon': 44.791,
 'name': 'Tbilisi',
 'temp_c': 10.0,
 'temp_color': '#FFFACD',
 'wind_color': '#E0F7FA',
 'wind_kph': 7.9}
{'cloud': 75,
 'cloud_color': '#9E9E9E',
 'country': 'Germany',
 'lat': 52.517,
 'lon': 13.4,
 'name': 'Berlin',
 'temp_c': 5.2,
 'temp_color': '#D1F2D3',
 'wind_color': '#4DD0E1',
 'wind_kph': 21.6}
{'cloud': 84,
 'cloud_color': '#9E9E9E',
 'country': 'Ghana',
 'lat': 5.55,
 'lon': -0.217,
 'name': 'Accra',
 'temp_c': 29.1,
 'temp_color': '#FFCC80',
 'wind_color': '#B2EBF2',
 'wind_kph': 10.8}
{'cloud': 25,
 'cloud_color': '#FFF176',
 'country': 'Greece',
 'lat': 37.98,
 'lon': 23.716,
 'name': 'Athens',
 'temp_c': 18.4,
 'temp_color': '#FFFACD',
 'wind_color': '#E0F7FA',
 'wind_kph': 6.5}
{'cloud': 25,
 'cloud_color': '#FFF176',
 'country': 'Grenada',
 'lat': 12.05,
 'lon': -61.75,
 'name': "Saint George's",
 'temp_c': 25.3,
 'temp_color': '#FFCC80',
 'wind_color': '#B2EBF2',
 'wind_kph': 19.4}
{'cloud': 75,
 'cloud_color': '#9E9E9E',
 'country': 'Guatemala',
 'lat': 14.621,
 'lon': -90.527,
 'name': 'Guatemala City',
 'temp_c': 17.3,
 'temp_color': '#FFFACD',
 'wind_color': '#E0F7FA',
 'wind_kph': 4.0}
{'cloud': 0,
 'cloud_color': '#FFF9C4',
 'country': 'Guinea',
 'lat': 9.509,
 'lon': -13.712,
 'name': 'Conakry',
 'temp_c': 30.1,
 'temp_color': '#FF7043',
 'wind_color': '#E0F7FA',
 'wind_kph': 3.6}
{'cloud': 0,
 'cloud_color': '#FFF9C4',
 'country': 'Guinea-Bissau',
 'lat': 11.85,
 'lon': -15.583,
 'name': 'Bissau',
 'temp_c': 30.1,
 'temp_color': '#FF7043',
 'wind_color': '#4DD0E1',
 'wind_kph': 23.4}
{'cloud': 50,
 'cloud_color': '#E0E0E0',
 'country': 'Guyana',
 'lat': 6.8,
 'lon': -58.167,
 'name': 'Georgetown',
 'temp_c': 24.4,
 'temp_color': '#FFCC80',
 'wind_color': '#B2EBF2',
 'wind_kph': 13.3}
{'cloud': 42,
 'cloud_color': '#E0E0E0',
 'country': 'Haiti',
 'lat': 18.539,
 'lon': -72.335,
 'name': 'Port-Au-Prince',
 'temp_c': 16.0,
 'temp_color': '#FFFACD',
 'wind_color': '#B2EBF2',
 'wind_kph': 10.8}
{'cloud': 75,
 'cloud_color': '#9E9E9E',
 'country': 'Honduras',
 'lat': 14.1,
 'lon': -87.217,
 'name': 'Tegucigalpa',
 'temp_c': 18.1,
 'temp_color': '#FFFACD',
 'wind_color': '#E0F7FA',
 'wind_kph': 7.6}
{'cloud': 75,
 'cloud_color': '#9E9E9E',
 'country': 'Hungary',
 'lat': 47.5,
 'lon': 19.083,
 'name': 'Budapest',
 'temp_c': 7.2,
 'temp_color': '#D1F2D3',
 'wind_color': '#B2EBF2',
 'wind_kph': 14.4}
{'cloud': 100,
 'cloud_color': '#616161',
 'country': 'Iceland',
 'lat': 64.15,
 'lon': -21.95,
 'name': 'Reykjavik',
 'temp_c': 3.2,
 'temp_color': '#D1F2D3',
 'wind_color': '#0288D1',
 'wind_kph': 52.6}
{'cloud': 0,
 'cloud_color': '#FFF9C4',
 'country': 'India',
 'lat': 28.6,
 'lon': 77.2,
 'name': 'New Delhi',
 'temp_c': 23.1,
 'temp_color': '#FFCC80',
 'wind_color': '#E0F7FA',
 'wind_kph': 9.4}
{'cloud': 25,
 'cloud_color': '#FFF176',
 'country': 'Indonesia',
 'lat': -6.215,
 'lon': 106.845,
 'name': 'Jakarta',
 'temp_c': 28.1,
 'temp_color': '#FFCC80',
 'wind_color': '#B2EBF2',
 'wind_kph': 10.1}
{'cloud': 0,
 'cloud_color': '#FFF9C4',
 'country': 'Iran',
 'lat': 35.726,
 'lon': 51.33,
 'name': 'Tehran',
 'temp_c': 10.1,
 'temp_color': '#FFFACD',
 'wind_color': '#E0F7FA',
 'wind_kph': 5.0}
{'cloud': 0,
 'cloud_color': '#FFF9C4',
 'country': 'Iraq',
 'lat': 33.339,
 'lon': 44.394,
 'name': 'Baghdad',
 'temp_c': 19.1,
 'temp_color': '#FFFACD',
 'wind_color': '#B2EBF2',
 'wind_kph': 14.0}
{'cloud': 25,
 'cloud_color': '#FFF176',
 'country': 'Ireland',
 'lat': 53.333,
 'lon': -6.249,
 'name': 'Dublin',
 'temp_c': 6.3,
 'temp_color': '#D1F2D3',
 'wind_color': '#E0F7FA',
 'wind_kph': 8.6}
{'cloud': 18,
 'cloud_color': '#FFF176',
 'country': 'Mexico',
 'lat': 17.0611,
 'lon': -92.0742,
 'name': 'Israel',
 'temp_c': 13.3,
 'temp_color': '#FFFACD',
 'wind_color': '#E0F7FA',
 'wind_kph': 5.0}
{'cloud': 25,
 'cloud_color': '#FFF176',
 'country': 'Italy',
 'lat': 41.9,
 'lon': 12.483,
 'name': 'Rome',
 'temp_c': 10.3,
 'temp_color': '#FFFACD',
 'wind_color': '#E0F7FA',
 'wind_kph': 6.8}
{'cloud': 50,
 'cloud_color': '#E0E0E0',
 'country': 'Jamaica',
 'lat': 18.0,
 'lon': -76.8,
 'name': 'Kingston',
 'temp_c': 25.1,
 'temp_color': '#FFCC80',
 'wind_color': '#E0F7FA',
 'wind_kph': 3.6}
{'cloud': 0,
 'cloud_color': '#FFF9C4',
 'country': 'Japan',
 'lat': 35.69,
 'lon': 139.692,
 'name': 'Tokyo',
 'temp_c': 8.3,
 'temp_color': '#D1F2D3',
 'wind_color': '#B2EBF2',
 'wind_kph': 14.4}
{'cloud': 50,
 'cloud_color': '#E0E0E0',
 'country': 'Jordan',
 'lat': 31.95,
 'lon': 35.933,
 'name': 'Amman',
 'temp_c': 15.2,
 'temp_color': '#FFFACD',
 'wind_color': '#4DD0E1',
 'wind_kph': 26.3}
{'cloud': 0,
 'cloud_color': '#FFF9C4',
 'country': 'Kazakhstan',
 'lat': 51.181,
 'lon': 71.428,
 'name': 'Astana',
 'temp_c': -12.7,
 'temp_color': '#B3DFFD',
 'wind_color': '#E0F7FA',
 'wind_kph': 6.8}
{'cloud': 50,
 'cloud_color': '#E0E0E0',
 'country': 'Kenya',
 'lat': -1.283,
 'lon': 36.817,
 'name': 'Nairobi',
 'temp_c': 26.1,
 'temp_color': '#FFCC80',
 'wind_color': '#B2EBF2',
 'wind_kph': 16.9}
{'cloud': 84,
 'cloud_color': '#9E9E9E',
 'country': 'Kiribati',
 'lat': -0.883,
 'lon': 169.533,
 'name': 'Tarawa',
 'temp_c': 27.2,
 'temp_color': '#FFCC80',
 'wind_color': '#4DD0E1',
 'wind_kph': 32.4}
{'cloud': 15,
 'cloud_color': '#FFF176',
 'country': 'North Korea',
 'lat': 39.8942,
 'lon': 126.1506,
 'name': 'Chungcham',
 'temp_c': -9.4,
 'temp_color': '#E6F7FF',
 'wind_color': '#E0F7FA',
 'wind_kph': 5.0}
{'cloud': 100,
 'cloud_color': '#616161',
 'country': 'South Korea',
 'lat': 37.3703,
 'lon': 128.3931,
 'name': 'Pyeongchang',
 'temp_c': -0.7,
 'temp_color': '#E6F7FF',
 'wind_color': '#E0F7FA',
 'wind_kph': 3.6}
{'cloud': 0,
 'cloud_color': '#FFF9C4',
 'country': 'Kuwait',
 'lat': 29.37,
 'lon': 47.978,
 'name': 'Kuwait',
 'temp_c': 19.3,
 'temp_color': '#FFFACD',
 'wind_color': '#B2EBF2',
 'wind_kph': 17.3}
{'cloud': 5,
 'cloud_color': '#FFF9C4',
 'country': 'Afghanistan',
 'lat': 33.5086,
 'lon': 67.9767,
 'name': 'Ball-Kyrgyzstan',
 'temp_c': -1.1,
 'temp_color': '#E6F7FF',
 'wind_color': '#B2EBF2',
 'wind_kph': 13.0}
{'cloud': 61,
 'cloud_color': '#9E9E9E',
 'country': 'Indonesia',
 'lat': -8.1826,
 'lon': 114.3188,
 'name': 'Laos',
 'temp_c': 22.8,
 'temp_color': '#FFCC80',
 'wind_color': '#E0F7FA',
 'wind_kph': 3.6}
{'cloud': 100,
 'cloud_color': '#616161',
 'country': 'Latvia',
 'lat': 56.95,
 'lon': 24.1,
 'name': 'Riga',
 'temp_c': 5.3,
 'temp_color': '#D1F2D3',
 'wind_color': '#E0F7FA',
 'wind_kph': 7.2}
{'cloud': 75,
 'cloud_color': '#9E9E9E',
 'country': 'Lebanon',
 'lat': 33.872,
 'lon': 35.51,
 'name': 'Beirut',
 'temp_c': 19.4,
 'temp_color': '#FFFACD',
 'wind_color': '#B2EBF2',
 'wind_kph': 11.9}
{'cloud': 2,
 'cloud_color': '#FFF9C4',
 'country': 'Lesotho',
 'lat': -29.317,
 'lon': 27.483,
 'name': 'Maseru',
 'temp_c': 31.8,
 'temp_color': '#FF7043',
 'wind_color': '#B2EBF2',
 'wind_kph': 19.8}
{'cloud': 75,
 'cloud_color': '#9E9E9E',
 'country': 'Liberia',
 'lat': 6.311,
 'lon': -10.805,
 'name': 'Monrovia',
 'temp_c': 29.1,
 'temp_color': '#FFCC80',
 'wind_color': '#E0F7FA',
 'wind_kph': 6.5}
{'cloud': 0,
 'cloud_color': '#FFF9C4',
 'country': 'Libya',
 'lat': 32.893,
 'lon': 13.18,
 'name': 'Tripoli',
 'temp_c': 19.5,
 'temp_color': '#FFFACD',
 'wind_color': '#B2EBF2',
 'wind_kph': 18.4}
{'cloud': 75,
 'cloud_color': '#9E9E9E',
 'country': 'Liechtenstein',
 'lat': 47.1333,
 'lon': 9.5167,
 'name': 'Vaduz',
 'temp_c': 4.2,
 'temp_color': '#D1F2D3',
 'wind_color': '#E0F7FA',
 'wind_kph': 3.6}
{'cloud': 0,
 'cloud_color': '#FFF9C4',
 'country': 'Lithuania',
 'lat': 54.683,
 'lon': 25.317,
 'name': 'Vilnius',
 'temp_c': 7.4,
 'temp_color': '#D1F2D3',
 'wind_color': '#B2EBF2',
 'wind_kph': 15.8}
{'cloud': 25,
 'cloud_color': '#FFF176',
 'country': 'Luxembourg',
 'lat': 49.612,
 'lon': 6.13,
 'name': 'Luxembourg',
 'temp_c': 2.4,
 'temp_color': '#D1F2D3',
 'wind_color': '#E0F7FA',
 'wind_kph': 6.1}
{'cloud': 62,
 'cloud_color': '#9E9E9E',
 'country': 'Madagascar',
 'lat': -18.917,
 'lon': 47.517,
 'name': 'Antananarivo',
 'temp_c': 23.1,
 'temp_color': '#FFCC80',
 'wind_color': '#B2EBF2',
 'wind_kph': 18.7}
{'cloud': 80,
 'cloud_color': '#9E9E9E',
 'country': 'Malawi',
 'lat': -13.983,
 'lon': 33.783,
 'name': 'Lilongwe',
 'temp_c': 23.7,
 'temp_color': '#FFCC80',
 'wind_color': '#B2EBF2',
 'wind_kph': 14.8}
{'cloud': 25,
 'cloud_color': '#FFF176',
 'country': 'Malaysia',
 'lat': 3.167,
 'lon': 101.7,
 'name': 'Kuala Lumpur',
 'temp_c': 28.3,
 'temp_color': '#FFCC80',
 'wind_color': '#E0F7FA',
 'wind_kph': 3.6}
{'cloud': 75,
 'cloud_color': '#9E9E9E',
 'country': 'Maldives',
 'lat': 4.167,
 'lon': 73.5,
 'name': 'Male',
 'temp_c': 30.3,
 'temp_color': '#FF7043',
 'wind_color': '#B2EBF2',
 'wind_kph': 14.0}
{'cloud': 0,
 'cloud_color': '#FFF9C4',
 'country': 'Mali',
 'lat': 12.65,
 'lon': -8.0,
 'name': 'Bamako',
 'temp_c': 29.0,
 'temp_color': '#FFCC80',
 'wind_color': '#4DD0E1',
 'wind_kph': 20.2}
{'cloud': 25,
 'cloud_color': '#FFF176',
 'country': 'Malta',
 'lat': 35.9,
 'lon': 14.515,
 'name': 'Valletta',
 'temp_c': 18.1,
 'temp_color': '#FFFACD',
 'wind_color': '#4DD0E1',
 'wind_kph': 21.2}
{'cloud': 50,
 'cloud_color': '#E0E0E0',
 'country': 'Marshall Islands',
 'lat': 7.1,
 'lon': 171.383,
 'name': 'Majuro',
 'temp_c': 28.3,
 'temp_color': '#FFCC80',
 'wind_color': '#4DD0E1',
 'wind_kph': 29.2}
{'cloud': 0,
 'cloud_color': '#FFF9C4',
 'country': 'Mauritania',
 'lat': 18.086,
 'lon': -15.975,
 'name': 'Nouakchott',
 'temp_c': 22.0,
 'temp_color': '#FFCC80',
 'wind_color': '#4DD0E1',
 'wind_kph': 38.2}
{'cloud': 50,
 'cloud_color': '#E0E0E0',
 'country': 'Mauritius',
 'lat': -20.162,
 'lon': 57.499,
 'name': 'Port Louis',
 'temp_c': 31.4,
 'temp_color': '#FF7043',
 'wind_color': '#E0F7FA',
 'wind_kph': 7.9}
{'cloud': 0,
 'cloud_color': '#FFF9C4',
 'country': 'Mexico',
 'lat': 19.429,
 'lon': -99.128,
 'name': 'Mexico City',
 'temp_c': 10.3,
 'temp_color': '#FFFACD',
 'wind_color': '#E0F7FA',
 'wind_kph': 3.6}
{'cloud': 50,
 'cloud_color': '#E0E0E0',
 'country': 'Micronesia',
 'lat': 6.9639,
 'lon': 158.2083,
 'name': 'Kolonia',
 'temp_c': 27.8,
 'temp_color': '#FFCC80',
 'wind_color': '#4DD0E1',
 'wind_kph': 34.6}
{'cloud': 100,
 'cloud_color': '#616161',
 'country': 'Moldova',
 'lat': 47.006,
 'lon': 28.858,
 'name': 'Chisinau',
 'temp_c': 8.2,
 'temp_color': '#D1F2D3',
 'wind_color': '#E0F7FA',
 'wind_kph': 6.8}
{'cloud': 75,
 'cloud_color': '#9E9E9E',
 'country': 'Monaco',
 'lat': 43.733,
 'lon': 7.417,
 'name': 'Monaco-Ville',
 'temp_c': 14.4,
 'temp_color': '#FFFACD',
 'wind_color': '#B2EBF2',
 'wind_kph': 13.7}
{'cloud': 0,
 'cloud_color': '#FFF9C4',
 'country': 'Mongolia',
 'lat': 47.917,
 'lon': 106.917,
 'name': 'Ulan Bator',
 'temp_c': -25.6,
 'temp_color': '#4A90E2',
 'wind_color': '#E0F7FA',
 'wind_kph': 4.3}
{'cloud': 100,
 'cloud_color': '#616161',
 'country': 'Brazil',
 'lat': -29.7,
 'lon': -51.4667,
 'name': 'Montenegro',
 'temp_c': 22.2,
 'temp_color': '#FFCC80',
 'wind_color': '#E0F7FA',
 'wind_kph': 3.6}
{'cloud': 50,
 'cloud_color': '#E0E0E0',
 'country': 'Morocco',
 'lat': 34.025,
 'lon': -6.836,
 'name': 'Rabat',
 'temp_c': 14.3,
 'temp_color': '#FFFACD',
 'wind_color': '#B2EBF2',
 'wind_kph': 13.7}
{'cloud': 3,
 'cloud_color': '#FFF9C4',
 'country': 'Mozambique',
 'lat': -25.965,
 'lon': 32.589,
 'name': 'Maputo',
 'temp_c': 33.1,
 'temp_color': '#FF7043',
 'wind_color': '#B2EBF2',
 'wind_kph': 12.6}
{'cloud': 50,
 'cloud_color': '#E0E0E0',
 'country': 'Myanmar',
 'lat': 16.7833,
 'lon': 96.1667,
 'name': 'Yangon',
 'temp_c': 30.3,
 'temp_color': '#FF7043',
 'wind_color': '#E0F7FA',
 'wind_kph': 8.6}
{'cloud': 0,
 'cloud_color': '#FFF9C4',
 'country': 'Namibia',
 'lat': -22.572,
 'lon': 17.082,
 'name': 'Windhoek',
 'temp_c': 31.3,
 'temp_color': '#FF7043',
 'wind_color': '#E0F7FA',
 'wind_kph': 7.6}
{'cloud': 75,
 'cloud_color': '#9E9E9E',
 'country': 'Nauru Island',
 'lat': -0.5167,
 'lon': 166.95,
 'name': 'Aneber',
 'temp_c': 27.1,
 'temp_color': '#FFCC80',
 'wind_color': '#4DD0E1',
 'wind_kph': 25.6}
{'cloud': 25,
 'cloud_color': '#FFF176',
 'country': 'Nepal',
 'lat': 27.717,
 'lon': 85.317,
 'name': 'Kathmandu',
 'temp_c': 18.3,
 'temp_color': '#FFFACD',
 'wind_color': '#E0F7FA',
 'wind_kph': 8.3}
{'cloud': 0,
 'cloud_color': '#FFF9C4',
 'country': 'Netherlands',
 'lat': 52.374,
 'lon': 4.89,
 'name': 'Amsterdam',
 'temp_c': 4.4,
 'temp_color': '#D1F2D3',
 'wind_color': '#E0F7FA',
 'wind_kph': 9.4}
{'cloud': 25,
 'cloud_color': '#FFF176',
 'country': 'New Zealand',
 'lat': -41.3,
 'lon': 174.783,
 'name': 'Wellington',
 'temp_c': 17.1,
 'temp_color': '#FFFACD',
 'wind_color': '#B2EBF2',
 'wind_kph': 15.1}
{'cloud': 50,
 'cloud_color': '#E0E0E0',
 'country': 'Nicaragua',
 'lat': 12.151,
 'lon': -86.268,
 'name': 'Managua',
 'temp_c': 25.3,
 'temp_color': '#FFCC80',
 'wind_color': '#B2EBF2',
 'wind_kph': 10.8}
{'cloud': 12,
 'cloud_color': '#FFF176',
 'country': 'Niger',
 'lat': 13.667,
 'lon': 1.783,
 'name': 'Niamey',
 'temp_c': 30.3,
 'temp_color': '#FF7043',
 'wind_color': '#4DD0E1',
 'wind_kph': 22.0}
{'cloud': 0,
 'cloud_color': '#FFF9C4',
 'country': 'Nigeria',
 'lat': 9.176,
 'lon': 7.181,
 'name': 'Abuja',
 'temp_c': 34.8,
 'temp_color': '#FF7043',
 'wind_color': '#E0F7FA',
 'wind_kph': 6.8}
{'cloud': 0,
 'cloud_color': '#FFF9C4',
 'country': 'USA United States of America',
 'lat': 41.1891,
 'lon': -95.4251,
 'name': 'Macedonia',
 'temp_c': 2.1,
 'temp_color': '#D1F2D3',
 'wind_color': '#B2EBF2',
 'wind_kph': 19.8}
{'cloud': 0,
 'cloud_color': '#FFF9C4',
 'country': 'Norway',
 'lat': 59.917,
 'lon': 10.75,
 'name': 'Oslo',
 'temp_c': -4.7,
 'temp_color': '#E6F7FF',
 'wind_color': '#E0F7FA',
 'wind_kph': 4.0}
{'cloud': 50,
 'cloud_color': '#E0E0E0',
 'country': 'Oman',
 'lat': 23.613,
 'lon': 58.593,
 'name': 'Muscat',
 'temp_c': 23.3,
 'temp_color': '#FFCC80',
 'wind_color': '#B2EBF2',
 'wind_kph': 19.4}
{'cloud': 4,
 'cloud_color': '#FFF9C4',
 'country': 'Pakistan',
 'lat': 33.7,
 'lon': 73.167,
 'name': 'Islamabad',
 'temp_c': 20.1,
 'temp_color': '#FFCC80',
 'wind_color': '#B2EBF2',
 'wind_kph': 11.9}
{'cloud': 1,
 'cloud_color': '#FFF9C4',
 'country': 'Mexico',
 'lat': 27.8923,
 'lon': -101.4232,
 'name': 'Palau',
 'temp_c': 4.5,
 'temp_color': '#D1F2D3',
 'wind_color': '#B2EBF2',
 'wind_kph': 13.3}
{'cloud': 0,
 'cloud_color': '#FFF9C4',
 'country': 'Panama',
 'lat': 8.967,
 'lon': -79.533,
 'name': 'Panama City',
 'temp_c': 26.1,
 'temp_color': '#FFCC80',
 'wind_color': '#E0F7FA',
 'wind_kph': 7.6}
{'cloud': 50,
 'cloud_color': '#E0E0E0',
 'country': 'Papua New Guinea',
 'lat': -9.465,
 'lon': 147.193,
 'name': 'Port Moresby',
 'temp_c': 27.2,
 'temp_color': '#FFCC80',
 'wind_color': '#B2EBF2',
 'wind_kph': 10.8}
{'cloud': 0,
 'cloud_color': '#FFF9C4',
 'country': 'Paraguay',
 'lat': -25.267,
 'lon': -57.667,
 'name': 'Asuncion',
 'temp_c': 25.1,
 'temp_color': '#FFCC80',
 'wind_color': '#E0F7FA',
 'wind_kph': 3.6}
{'cloud': 28,
 'cloud_color': '#FFF176',
 'country': 'Peru',
 'lat': -12.05,
 'lon': -77.05,
 'name': 'Lima',
 'temp_c': 20.3,
 'temp_color': '#FFCC80',
 'wind_color': '#E0F7FA',
 'wind_kph': 7.9}
{'cloud': 75,
 'cloud_color': '#9E9E9E',
 'country': 'Philippines',
 'lat': 14.604,
 'lon': 120.982,
 'name': 'Manila',
 'temp_c': 28.2,
 'temp_color': '#FFCC80',
 'wind_color': '#B2EBF2',
 'wind_kph': 16.2}
{'cloud': 50,
 'cloud_color': '#E0E0E0',
 'country': 'Poland',
 'lat': 52.25,
 'lon': 21.0,
 'name': 'Warsaw',
 'temp_c': 7.0,
 'temp_color': '#D1F2D3',
 'wind_color': '#B2EBF2',
 'wind_kph': 17.6}
{'cloud': 0,
 'cloud_color': '#FFF9C4',
 'country': 'Portugal',
 'lat': 38.717,
 'lon': -9.133,
 'name': 'Lisbon',
 'temp_c': 13.1,
 'temp_color': '#FFFACD',
 'wind_color': '#B2EBF2',
 'wind_kph': 15.1}
{'cloud': 25,
 'cloud_color': '#FFF176',
 'country': 'Qatar',
 'lat': 25.287,
 'lon': 51.533,
 'name': 'Doha',
 'temp_c': 22.3,
 'temp_color': '#FFCC80',
 'wind_color': '#4DD0E1',
 'wind_kph': 27.0}
{'cloud': 100,
 'cloud_color': '#616161',
 'country': 'Romania',
 'lat': 44.433,
 'lon': 26.1,
 'name': 'Bucharest',
 'temp_c': 9.1,
 'temp_color': '#D1F2D3',
 'wind_color': '#E0F7FA',
 'wind_kph': 6.5}
{'cloud': 75,
 'cloud_color': '#9E9E9E',
 'country': 'Russia',
 'lat': 55.752,
 'lon': 37.616,
 'name': 'Moscow',
 'temp_c': 3.3,
 'temp_color': '#D1F2D3',
 'wind_color': '#B2EBF2',
 'wind_kph': 10.8}
{'cloud': 50,
 'cloud_color': '#E0E0E0',
 'country': 'Rwanda',
 'lat': -1.954,
 'lon': 30.061,
 'name': 'Kigali',
 'temp_c': 27.4,
 'temp_color': '#FFCC80',
 'wind_color': '#E0F7FA',
 'wind_kph': 7.2}
{'cloud': 25,
 'cloud_color': '#FFF176',
 'country': 'Saint Kitts and Nevis',
 'lat': 17.3,
 'lon': -62.717,
 'name': 'Basseterre',
 'temp_c': 25.4,
 'temp_color': '#FFCC80',
 'wind_color': '#4DD0E1',
 'wind_kph': 36.0}
{'cloud': 25,
 'cloud_color': '#FFF176',
 'country': 'Saint Lucia',
 'lat': 14.0,
 'lon': -61.0,
 'name': 'Castries',
 'temp_c': 27.0,
 'temp_color': '#FFCC80',
 'wind_color': '#4DD0E1',
 'wind_kph': 24.1}
{'cloud': 80,
 'cloud_color': '#9E9E9E',
 'country': 'Saint Vincent and the Grenadines',
 'lat': 13.133,
 'lon': -61.217,
 'name': 'Kingstown',
 'temp_c': 26.5,
 'temp_color': '#FFCC80',
 'wind_color': '#4DD0E1',
 'wind_kph': 28.4}
{'cloud': 75,
 'cloud_color': '#9E9E9E',
 'country': 'Samoa',
 'lat': -13.833,
 'lon': -171.733,
 'name': 'Apia',
 'temp_c': 26.3,
 'temp_color': '#FFCC80',
 'wind_color': '#4DD0E1',
 'wind_kph': 27.4}
{'cloud': 75,
 'cloud_color': '#9E9E9E',
 'country': 'San Marino',
 'lat': 43.933,
 'lon': 12.45,
 'name': 'San Marino',
 'temp_c': 12.2,
 'temp_color': '#FFFACD',
 'wind_color': '#E0F7FA',
 'wind_kph': 4.7}
{'cloud': 88,
 'cloud_color': '#9E9E9E',
 'country': 'Sao Tome and Principe',
 'lat': 0.333,
 'lon': 6.733,
 'name': 'Sao Tome',
 'temp_c': 27.1,
 'temp_color': '#FFCC80',
 'wind_color': '#E0F7FA',
 'wind_kph': 3.6}
{'cloud': 0,
 'cloud_color': '#FFF9C4',
 'country': 'Saudi Arabia',
 'lat': 24.641,
 'lon': 46.773,
 'name': 'Riyadh',
 'temp_c': 18.2,
 'temp_color': '#FFFACD',
 'wind_color': '#B2EBF2',
 'wind_kph': 16.2}
{'cloud': 0,
 'cloud_color': '#FFF9C4',
 'country': 'Senegal',
 'lat': 14.671,
 'lon': -17.438,
 'name': 'Dakar',
 'temp_c': 21.3,
 'temp_color': '#FFCC80',
 'wind_color': '#4DD0E1',
 'wind_kph': 28.8}
{'cloud': 0,
 'cloud_color': '#FFF9C4',
 'country': 'Serbia',
 'lat': 44.804,
 'lon': 20.465,
 'name': 'Belgrade',
 'temp_c': 12.3,
 'temp_color': '#FFFACD',
 'wind_color': '#E0F7FA',
 'wind_kph': 7.2}
{'cloud': 50,
 'cloud_color': '#E0E0E0',
 'country': 'Seychelles Islands',
 'lat': -4.7167,
 'lon': 55.4833,
 'name': "L'esperance",
 'temp_c': 30.0,
 'temp_color': '#FF7043',
 'wind_color': '#4DD0E1',
 'wind_kph': 23.4}
{'cloud': 50,
 'cloud_color': '#E0E0E0',
 'country': 'Sierra Leone',
 'lat': 8.49,
 'lon': -13.234,
 'name': 'Freetown',
 'temp_c': 27.0,
 'temp_color': '#FFCC80',
 'wind_color': '#E0F7FA',
 'wind_kph': 7.9}
{'cloud': 75,
 'cloud_color': '#9E9E9E',
 'country': 'Singapore',
 'lat': 1.293,
 'lon': 103.856,
 'name': 'Singapore',
 'temp_c': 28.2,
 'temp_color': '#FFCC80',
 'wind_color': '#B2EBF2',
 'wind_kph': 19.4}
{'cloud': 75,
 'cloud_color': '#9E9E9E',
 'country': 'Slovakia',
 'lat': 48.15,
 'lon': 17.117,
 'name': 'Bratislava',
 'temp_c': 8.1,
 'temp_color': '#D1F2D3',
 'wind_color': '#4DD0E1',
 'wind_kph': 25.9}
{'cloud': 25,
 'cloud_color': '#FFF176',
 'country': 'Slovenia',
 'lat': 46.055,
 'lon': 14.514,
 'name': 'Ljubljana',
 'temp_c': 6.2,
 'temp_color': '#D1F2D3',
 'wind_color': '#E0F7FA',
 'wind_kph': 5.8}
{'cloud': 55,
 'cloud_color': '#E0E0E0',
 'country': 'Solomon Islands',
 'lat': -9.433,
 'lon': 159.95,
 'name': 'Honiara',
 'temp_c': 26.0,
 'temp_color': '#FFCC80',
 'wind_color': '#B2EBF2',
 'wind_kph': 11.2}
{'cloud': 0,
 'cloud_color': '#FFF9C4',
 'country': 'Somalia',
 'lat': 2.067,
 'lon': 45.367,
 'name': 'Mogadishu',
 'temp_c': 28.3,
 'temp_color': '#FFCC80',
 'wind_color': '#4DD0E1',
 'wind_kph': 35.6}
{'cloud': 9,
 'cloud_color': '#FFF9C4',
 'country': 'South Africa',
 'lat': -25.747,
 'lon': 28.188,
 'name': 'Pretoria',
 'temp_c': 32.5,
 'temp_color': '#FF7043',
 'wind_color': '#4DD0E1',
 'wind_kph': 21.2}
{'cloud': 100,
 'cloud_color': '#616161',
 'country': 'South Korea',
 'lat': 36.4,
 'lon': 126.75,
 'name': 'Sudan',
 'temp_c': 0.5,
 'temp_color': '#D1F2D3',
 'wind_color': '#E0F7FA',
 'wind_kph': 4.7}
{'cloud': 0,
 'cloud_color': '#FFF9C4',
 'country': 'Spain',
 'lat': 40.4,
 'lon': -3.683,
 'name': 'Madrid',
 'temp_c': 7.4,
 'temp_color': '#D1F2D3',
 'wind_color': '#E0F7FA',
 'wind_kph': 4.7}
{'cloud': 25,
 'cloud_color': '#FFF176',
 'country': 'Sri Lanka',
 'lat': 6.932,
 'lon': 79.848,
 'name': 'Colombo',
 'temp_c': 30.2,
 'temp_color': '#FF7043',
 'wind_color': '#B2EBF2',
 'wind_kph': 13.3}
{'cloud': 0,
 'cloud_color': '#FFF9C4',
 'country': 'Sudan',
 'lat': 15.588,
 'lon': 32.534,
 'name': 'Khartoum',
 'temp_c': 28.0,
 'temp_color': '#FFCC80',
 'wind_color': '#4DD0E1',
 'wind_kph': 25.2}
{'cloud': 50,
 'cloud_color': '#E0E0E0',
 'country': 'Suriname',
 'lat': 5.833,
 'lon': -55.167,
 'name': 'Paramaribo',
 'temp_c': 23.2,
 'temp_color': '#FFCC80',
 'wind_color': '#E0F7FA',
 'wind_kph': 9.4}
{'cloud': 75,
 'cloud_color': '#9E9E9E',
 'country': 'Sweden',
 'lat': 59.333,
 'lon': 18.05,
 'name': 'Stockholm',
 'temp_c': 2.0,
 'temp_color': '#D1F2D3',
 'wind_color': '#E0F7FA',
 'wind_kph': 8.6}
{'cloud': 100,
 'cloud_color': '#616161',
 'country': 'Switzerland',
 'lat': 46.917,
 'lon': 7.467,
 'name': 'Bern',
 'temp_c': 5.2,
 'temp_color': '#D1F2D3',
 'wind_color': '#E0F7FA',
 'wind_kph': 6.8}
{'cloud': 8,
 'cloud_color': '#FFF9C4',
 'country': 'Syria',
 'lat': 33.5,
 'lon': 36.3,
 'name': 'Damascus',
 'temp_c': 15.0,
 'temp_color': '#FFFACD',
 'wind_color': '#4DD0E1',
 'wind_kph': 24.1}
{'cloud': 75,
 'cloud_color': '#9E9E9E',
 'country': 'Taiwan',
 'lat': 23.21,
 'lon': 120.184,
 'name': 'Taiwan',
 'temp_c': 19.3,
 'temp_color': '#FFFACD',
 'wind_color': '#B2EBF2',
 'wind_kph': 13.3}
{'cloud': 100,
 'cloud_color': '#616161',
 'country': 'Tajikistan',
 'lat': 38.56,
 'lon': 68.774,
 'name': 'Dushanbe',
 'temp_c': 6.3,
 'temp_color': '#D1F2D3',
 'wind_color': '#E0F7FA',
 'wind_kph': 3.6}
{'cloud': 26,
 'cloud_color': '#FFF176',
 'country': 'Tanzania',
 'lat': -6.183,
 'lon': 35.75,
 'name': 'Dodoma',
 'temp_c': 27.1,
 'temp_color': '#FFCC80',
 'wind_color': '#E0F7FA',
 'wind_kph': 5.0}
{'cloud': 0,
 'cloud_color': '#FFF9C4',
 'country': 'Thailand',
 'lat': 13.75,
 'lon': 100.517,
 'name': 'Bangkok',
 'temp_c': 31.4,
 'temp_color': '#FF7043',
 'wind_color': '#B2EBF2',
 'wind_kph': 13.7}
{'cloud': 87,
 'cloud_color': '#9E9E9E',
 'country': 'Timor-Leste',
 'lat': -8.5306,
 'lon': 125.7447,
 'name': 'Metinaro',
 'temp_c': 26.6,
 'temp_color': '#FFCC80',
 'wind_color': '#B2EBF2',
 'wind_kph': 15.8}
{'cloud': 11,
 'cloud_color': '#FFF176',
 'country': 'Togo',
 'lat': 6.132,
 'lon': 1.223,
 'name': 'Lome',
 'temp_c': 30.5,
 'temp_color': '#FF7043',
 'wind_color': '#B2EBF2',
 'wind_kph': 10.4}
{'cloud': 25,
 'cloud_color': '#FFF176',
 'country': 'Tonga',
 'lat': -21.133,
 'lon': -175.2,
 'name': "Nuku'alofa",
 'temp_c': 25.1,
 'temp_color': '#FFCC80',
 'wind_color': '#4DD0E1',
 'wind_kph': 24.5}
{'cloud': 25,
 'cloud_color': '#FFF176',
 'country': 'Trinidad and Tobago',
 'lat': 10.65,
 'lon': -61.517,
 'name': 'Port Of Spain',
 'temp_c': 23.4,
 'temp_color': '#FFCC80',
 'wind_color': '#B2EBF2',
 'wind_kph': 13.3}
{'cloud': 25,
 'cloud_color': '#FFF176',
 'country': 'Tunisia',
 'lat': 36.803,
 'lon': 10.18,
 'name': 'Tunis',
 'temp_c': 17.2,
 'temp_color': '#FFFACD',
 'wind_color': '#E0F7FA',
 'wind_kph': 5.4}
{'cloud': 0,
 'cloud_color': '#FFF9C4',
 'country': 'Turkey',
 'lat': 39.927,
 'lon': 32.864,
 'name': 'Ankara',
 'temp_c': 11.1,
 'temp_color': '#FFFACD',
 'wind_color': '#E0F7FA',
 'wind_kph': 8.3}
{'cloud': 0,
 'cloud_color': '#FFF9C4',
 'country': 'Turkmenistan',
 'lat': 37.95,
 'lon': 58.383,
 'name': 'Ashgabat',
 'temp_c': 9.1,
 'temp_color': '#D1F2D3',
 'wind_color': '#B2EBF2',
 'wind_kph': 17.3}
{'cloud': 75,
 'cloud_color': '#9E9E9E',
 'country': 'Tuvalu',
 'lat': -8.517,
 'lon': 179.217,
 'name': 'Funafuti',
 'temp_c': 26.0,
 'temp_color': '#FFCC80',
 'wind_color': '#4DD0E1',
 'wind_kph': 29.2}
{'cloud': 10,
 'cloud_color': '#FFF9C4',
 'country': 'Uganda',
 'lat': 0.316,
 'lon': 32.566,
 'name': 'Kampala',
 'temp_c': 28.1,
 'temp_color': '#FFCC80',
 'wind_color': '#E0F7FA',
 'wind_kph': 7.2}
{'cloud': 97,
 'cloud_color': '#616161',
 'country': 'Ukraine',
 'lat': 50.433,
 'lon': 30.517,
 'name': 'Kyiv',
 'temp_c': 8.8,
 'temp_color': '#D1F2D3',
 'wind_color': '#B2EBF2',
 'wind_kph': 15.1}
{'cloud': 50,
 'cloud_color': '#E0E0E0',
 'country': 'United Arab Emirates',
 'lat': 24.467,
 'lon': 54.367,
 'name': 'Abu Dhabi',
 'temp_c': 22.3,
 'temp_color': '#FFCC80',
 'wind_color': '#4DD0E1',
 'wind_kph': 29.9}
{'cloud': 100,
 'cloud_color': '#616161',
 'country': 'USA United States of America',
 'lat': 38.9575,
 'lon': -91.9628,
 'name': 'Kingdom City',
 'temp_c': 6.7,
 'temp_color': '#D1F2D3',
 'wind_color': '#4DD0E1',
 'wind_kph': 26.6}
{'cloud': 100,
 'cloud_color': '#616161',
 'country': 'United States of America',
 'lat': 29.7797,
 'lon': -91.7461,
 'name': 'United',
 'temp_c': 16.1,
 'temp_color': '#FFFACD',
 'wind_color': '#B2EBF2',
 'wind_kph': 13.0}
{'cloud': 25,
 'cloud_color': '#FFF176',
 'country': 'Uruguay',
 'lat': -34.858,
 'lon': -56.171,
 'name': 'Montevideo',
 'temp_c': 21.4,
 'temp_color': '#FFCC80',
 'wind_color': '#B2EBF2',
 'wind_kph': 13.0}
{'cloud': 100,
 'cloud_color': '#616161',
 'country': 'Uzbekistan',
 'lat': 41.317,
 'lon': 69.25,
 'name': 'Tashkent',
 'temp_c': 3.4,
 'temp_color': '#D1F2D3',
 'wind_color': '#E0F7FA',
 'wind_kph': 5.0}
{'cloud': 100,
 'cloud_color': '#616161',
 'country': 'Vanuatu',
 'lat': -17.733,
 'lon': 168.317,
 'name': 'Port Vila',
 'temp_c': 25.1,
 'temp_color': '#FFCC80',
 'wind_color': '#4DD0E1',
 'wind_kph': 22.3}
{'cloud': 25,
 'cloud_color': '#FFF176',
 'country': 'Vatican City',
 'lat': 41.904,
 'lon': 12.453,
 'name': 'Vatican City',
 'temp_c': 10.3,
 'temp_color': '#FFFACD',
 'wind_color': '#E0F7FA',
 'wind_kph': 6.8}
{'cloud': 0,
 'cloud_color': '#FFF9C4',
 'country': 'Venezuela',
 'lat': 10.5,
 'lon': -66.917,
 'name': 'Caracas',
 'temp_c': 24.1,
 'temp_color': '#FFCC80',
 'wind_color': '#E0F7FA',
 'wind_kph': 6.5}
{'cloud': 50,
 'cloud_color': '#E0E0E0',
 'country': 'Vietnam',
 'lat': 21.033,
 'lon': 105.85,
 'name': 'Hanoi',
 'temp_c': 22.4,
 'temp_color': '#FFCC80',
 'wind_color': '#B2EBF2',
 'wind_kph': 19.8}
{'cloud': 3,
 'cloud_color': '#FFF9C4',
 'country': 'Yemen',
 'lat': 15.355,
 'lon': 44.207,
 'name': 'Sanaa',
 'temp_c': 19.5,
 'temp_color': '#FFFACD',
 'wind_color': '#E0F7FA',
 'wind_kph': 5.4}
{'cloud': 61,
 'cloud_color': '#9E9E9E',
 'country': 'Zambia',
 'lat': -15.417,
 'lon': 28.283,
 'name': 'Lusaka',
 'temp_c': 22.8,
 'temp_color': '#FFCC80',
 'wind_color': '#B2EBF2',
 'wind_kph': 11.9}
{'cloud': 89,
 'cloud_color': '#9E9E9E',
 'country': 'Zimbabwe',
 'lat': -17.818,
 'lon': 31.045,
 'name': 'Harare',
 'temp_c': 25.8,
 'temp_color': '#FFCC80',
 'wind_color': '#B2EBF2',
 'wind_kph': 10.1}
